/api/accounts/list

Socket closed

com.android.org.conscrypt.NativeCrypto.SSL_read(Native Method)
com.android.org.conscrypt.NativeSsl.read(NativeSsl.java:399)
com.android.org.conscrypt.ConscryptFileDescriptorSocket$SSLInputStream.read(ConscryptFileDescriptorSocket.java:546)
okio.Okio$2.read(Okio.java:140)
okio.AsyncTimeout$2.read(AsyncTimeout.java:237)
okio.RealBufferedSource.indexOf(RealBufferedSource.java:358)
okio.RealBufferedSource.readUtf8LineStrict(RealBufferedSource.java:230)
okhttp3.internal.http1.Http1ExchangeCodec.readHeaderLine(Http1ExchangeCodec.java:242)
okhttp3.internal.http1.Http1ExchangeCodec.readResponseHeaders(Http1ExchangeCodec.java:213)
okhttp3.internal.connection.Exchange.readResponseHeaders(Exchange.java:115)
okhttp3.internal.http.CallServerInterceptor.intercept(CallServerInterceptor.java:94)
okhttp3.internal.http.RealInterceptorChain.proceed(RealInterceptorChain.java:142)
okhttp3.internal.connection.ConnectInterceptor.intercept(ConnectInterceptor.java:43)
okhttp3.internal.http.RealInterceptorChain.proceed(RealInterceptorChain.java:142)
okhttp3.internal.http.RealInterceptorChain.proceed(RealInterceptorChain.java:117)
okhttp3.internal.cache.CacheInterceptor.intercept(CacheInterceptor.java:94)
okhttp3.internal.http.RealInterceptorChain.proceed(RealInterceptorChain.java:142)
okhttp3.internal.http.RealInterceptorChain.proceed(RealInterceptorChain.java:117)
okhttp3.internal.http.BridgeInterceptor.intercept(BridgeInterceptor.java:93)
okhttp3.internal.http.RealInterceptorChain.proceed(RealInterceptorChain.java:142)
okhttp3.internal.http.RetryAndFollowUpInterceptor.intercept(RetryAndFollowUpInterceptor.java:88)
okhttp3.internal.http.RealInterceptorChain.proceed(RealInterceptorChain.java:142)
okhttp3.internal.http.RealInterceptorChain.proceed(RealInterceptorChain.java:117)
com.darakeon.dfm.lib.api.RequestHandler.intercept(RequestHandler.kt:27)
com.darakeon.dfm.lib.api.RequestHandler.access$intercept(RequestHandler.kt:9)
com.darakeon.dfm.lib.api.RequestHandler$retrofit$1.invoke(RequestHandler.kt:19)
com.darakeon.dfm.lib.api.RequestHandler$retrofit$1.invoke(RequestHandler.kt:19)
com.darakeon.dfm.lib.api.Retrofit$build$1.invoke$lambda-0(Retrofit.kt:23)
com.darakeon.dfm.lib.api.Retrofit$build$1.$r8$lambda$uu2fMHacTi6SClJtvx6JfI7JVHE(Unknown Source:0)
com.darakeon.dfm.lib.api.Retrofit$build$1$$ExternalSyntheticLambda0.intercept(Unknown Source:2)
okhttp3.internal.http.RealInterceptorChain.proceed(RealInterceptorChain.java:142)
okhttp3.internal.http.RealInterceptorChain.proceed(RealInterceptorChain.java:117)
okhttp3.RealCall.getResponseWithInterceptorChain(RealCall.java:229)
okhttp3.RealCall$AsyncCall.execute(RealCall.java:172)
okhttp3.internal.NamedRunnable.run(NamedRunnable.java:32)
java.util.concurrent.ThreadPoolExecutor.runWorker(ThreadPoolExecutor.java:1167)
java.util.concurrent.ThreadPoolExecutor$Worker.run(ThreadPoolExecutor.java:641)
java.lang.Thread.run(Thread.java:764)
