/api/accounts/list

Unable to resolve host "dontflymoney.com": No address associated with hostname

java.net.Inet6AddressImpl.lookupHostByName(Inet6AddressImpl.java:157)
java.net.Inet6AddressImpl.lookupAllHostAddr(Inet6AddressImpl.java:105)
java.net.InetAddress.getAllByName(InetAddress.java:1154)
okhttp3.Dns$-CC.lambda$static$0(Dns.java:39)
okhttp3.Dns$$ExternalSyntheticLambda0.lookup(Unknown Source:0)
okhttp3.internal.connection.RouteSelector.resetNextInetSocketAddress(RouteSelector.java:171)
okhttp3.internal.connection.RouteSelector.nextProxy(RouteSelector.java:135)
okhttp3.internal.connection.RouteSelector.next(RouteSelector.java:84)
okhttp3.internal.connection.ExchangeFinder.findConnection(ExchangeFinder.java:187)
okhttp3.internal.connection.ExchangeFinder.findHealthyConnection(ExchangeFinder.java:108)
okhttp3.internal.connection.ExchangeFinder.find(ExchangeFinder.java:88)
okhttp3.internal.connection.Transmitter.newExchange(Transmitter.java:169)
okhttp3.internal.connection.ConnectInterceptor.intercept(ConnectInterceptor.java:41)
okhttp3.internal.http.RealInterceptorChain.proceed(RealInterceptorChain.java:142)
okhttp3.internal.http.RealInterceptorChain.proceed(RealInterceptorChain.java:117)
okhttp3.internal.cache.CacheInterceptor.intercept(CacheInterceptor.java:94)
okhttp3.internal.http.RealInterceptorChain.proceed(RealInterceptorChain.java:142)
okhttp3.internal.http.RealInterceptorChain.proceed(RealInterceptorChain.java:117)
okhttp3.internal.http.BridgeInterceptor.intercept(BridgeInterceptor.java:93)
okhttp3.internal.http.RealInterceptorChain.proceed(RealInterceptorChain.java:142)
okhttp3.internal.http.RetryAndFollowUpInterceptor.intercept(RetryAndFollowUpInterceptor.java:88)
okhttp3.internal.http.RealInterceptorChain.proceed(RealInterceptorChain.java:142)
okhttp3.internal.http.RealInterceptorChain.proceed(RealInterceptorChain.java:117)
com.darakeon.dfm.lib.api.RequestHandler.intercept(RequestHandler.kt:27)
com.darakeon.dfm.lib.api.RequestHandler.access$intercept(RequestHandler.kt:9)
com.darakeon.dfm.lib.api.RequestHandler$retrofit$1.invoke(RequestHandler.kt:19)
com.darakeon.dfm.lib.api.RequestHandler$retrofit$1.invoke(RequestHandler.kt:19)
com.darakeon.dfm.lib.api.Retrofit$build$1.invoke$lambda-0(Retrofit.kt:23)
com.darakeon.dfm.lib.api.Retrofit$build$1.$r8$lambda$uu2fMHacTi6SClJtvx6JfI7JVHE(Unknown Source:0)
com.darakeon.dfm.lib.api.Retrofit$build$1$$ExternalSyntheticLambda0.intercept(Unknown Source:2)
okhttp3.internal.http.RealInterceptorChain.proceed(RealInterceptorChain.java:142)
okhttp3.internal.http.RealInterceptorChain.proceed(RealInterceptorChain.java:117)
okhttp3.RealCall.getResponseWithInterceptorChain(RealCall.java:229)
okhttp3.RealCall$AsyncCall.execute(RealCall.java:172)
okhttp3.internal.NamedRunnable.run(NamedRunnable.java:32)
java.util.concurrent.ThreadPoolExecutor.runWorker(ThreadPoolExecutor.java:1167)
java.util.concurrent.ThreadPoolExecutor$Worker.run(ThreadPoolExecutor.java:641)
java.lang.Thread.run(Thread.java:764)